[01-Aug-2025 18:23:32] WARNING: [pool www] server reached pm.max_children setting (5), consider raising it
[01-Aug-2025 18:24:13] NOTICE: fpm is running, pid 7
[01-Aug-2025 18:24:13] NOTICE: ready to handle connections
[01-Aug-2025 18:31:52] NOTICE: fpm is running, pid 7
[01-Aug-2025 18:31:52] NOTICE: ready to handle connections
[02-Aug-2025 09:12:20] NOTICE: fpm is running, pid 7
[02-Aug-2025 09:12:20] NOTICE: ready to handle connections
[03-Aug-2025 10:31:35] NOTICE: fpm is running, pid 7
[03-Aug-2025 10:31:35] NOTICE: ready to handle connections
[03-Aug-2025 19:35:21] NOTICE: fpm is running, pid 7
[03-Aug-2025 19:35:21] NOTICE: ready to handle connections
[04-Aug-2025 08:00:22] NOTICE: fpm is running, pid 7
[04-Aug-2025 08:00:23] NOTICE: ready to handle connections
[05-Aug-2025 06:58:02] NOTICE: fpm is running, pid 7
[05-Aug-2025 06:58:02] NOTICE: ready to handle connections
[06-Aug-2025 07:30:02] NOTICE: fpm is running, pid 7
[06-Aug-2025 07:30:02] NOTICE: ready to handle connections
[06-Aug-2025 18:48:24] NOTICE: fpm is running, pid 7
[06-Aug-2025 18:48:24] NOTICE: ready to handle connections
[06-Aug-2025 19:04:58] NOTICE: fpm is running, pid 7
[06-Aug-2025 19:04:58] NOTICE: ready to handle connections
[06-Aug-2025 19:12:18] NOTICE: fpm is running, pid 7
[06-Aug-2025 19:12:18] NOTICE: ready to handle connections
[06-Aug-2025 19:16:24] NOTICE: fpm is running, pid 8
[06-Aug-2025 19:16:24] NOTICE: ready to handle connections
[06-Aug-2025 19:16:45] NOTICE: fpm is running, pid 7
[06-Aug-2025 19:16:45] NOTICE: ready to handle connections
[06-Aug-2025 19:21:31] NOTICE: fpm is running, pid 7
[06-Aug-2025 19:21:31] NOTICE: ready to handle connections
[06-Aug-2025 19:23:53] NOTICE: fpm is running, pid 7
[06-Aug-2025 19:23:53] NOTICE: ready to handle connections
[06-Aug-2025 19:25:13] NOTICE: fpm is running, pid 7
[06-Aug-2025 19:25:13] NOTICE: ready to handle connections
[08-Aug-2025 19:32:34] NOTICE: fpm is running, pid 7
[08-Aug-2025 19:32:34] NOTICE: ready to handle connections
[08-Aug-2025 19:35:07] NOTICE: fpm is running, pid 7
[08-Aug-2025 19:35:07] NOTICE: ready to handle connections
[08-Aug-2025 20:01:57] NOTICE: fpm is running, pid 7
[08-Aug-2025 20:01:57] NOTICE: ready to handle connections
[08-Aug-2025 20:03:01] NOTICE: fpm is running, pid 7
[08-Aug-2025 20:03:01] NOTICE: ready to handle connections
[08-Aug-2025 20:03:02] NOTICE: fpm is running, pid 7
[08-Aug-2025 20:03:02] NOTICE: ready to handle connections
[08-Aug-2025 20:03:03] NOTICE: fpm is running, pid 7
[08-Aug-2025 20:03:03] NOTICE: ready to handle connections
[08-Aug-2025 20:03:04] NOTICE: fpm is running, pid 7
[08-Aug-2025 20:03:04] NOTICE: ready to handle connections
[08-Aug-2025 20:03:05] NOTICE: fpm is running, pid 7
[08-Aug-2025 20:03:05] NOTICE: ready to handle connections
[08-Aug-2025 20:03:07] NOTICE: fpm is running, pid 7
[08-Aug-2025 20:03:07] NOTICE: ready to handle connections
[08-Aug-2025 20:03:11] NOTICE: fpm is running, pid 7
[08-Aug-2025 20:03:11] NOTICE: ready to handle connections
[08-Aug-2025 20:03:18] NOTICE: fpm is running, pid 7
[08-Aug-2025 20:03:18] NOTICE: ready to handle connections
[08-Aug-2025 20:03:45] NOTICE: fpm is running, pid 7
[08-Aug-2025 20:03:45] NOTICE: ready to handle connections
[08-Aug-2025 21:30:59] WARNING: [pool www] server reached pm.max_children setting (5), consider raising it
[08-Aug-2025 21:31:27] NOTICE: fpm is running, pid 7
[08-Aug-2025 21:31:27] NOTICE: ready to handle connections
[08-Aug-2025 21:46:10] NOTICE: fpm is running, pid 7
[08-Aug-2025 21:46:10] NOTICE: ready to handle connections
[08-Aug-2025 22:53:26] NOTICE: fpm is running, pid 7
[08-Aug-2025 22:53:26] NOTICE: ready to handle connections
[08-Aug-2025 22:57:57] NOTICE: fpm is running, pid 7
[08-Aug-2025 22:57:57] NOTICE: ready to handle connections
[09-Aug-2025 14:33:20] NOTICE: fpm is running, pid 7
[09-Aug-2025 14:33:20] NOTICE: ready to handle connections
[09-Aug-2025 16:15:27] NOTICE: fpm is running, pid 7
[09-Aug-2025 16:15:27] NOTICE: ready to handle connections
[09-Aug-2025 18:57:52] NOTICE: fpm is running, pid 7
[09-Aug-2025 18:57:52] NOTICE: ready to handle connections
[09-Aug-2025 19:37:32] NOTICE: fpm is running, pid 7
[09-Aug-2025 19:37:32] NOTICE: ready to handle connections
[10-Aug-2025 10:06:23] NOTICE: fpm is running, pid 7
[10-Aug-2025 10:06:23] NOTICE: ready to handle connections
[10-Aug-2025 10:42:30] NOTICE: fpm is running, pid 7
[10-Aug-2025 10:42:30] NOTICE: ready to handle connections
[10-Aug-2025 11:02:16] NOTICE: fpm is running, pid 7
[10-Aug-2025 11:02:16] NOTICE: ready to handle connections
[10-Aug-2025 11:19:05] NOTICE: fpm is running, pid 7
[10-Aug-2025 11:19:05] NOTICE: ready to handle connections
[14-Aug-2025 17:24:45] NOTICE: fpm is running, pid 7
[14-Aug-2025 17:24:45] NOTICE: ready to handle connections
[17-Aug-2025 14:23:05] NOTICE: fpm is running, pid 7
[17-Aug-2025 14:23:05] NOTICE: ready to handle connections
[18-Aug-2025 06:59:44] NOTICE: fpm is running, pid 7
[18-Aug-2025 06:59:44] NOTICE: ready to handle connections
[19-Aug-2025 07:18:45] NOTICE: fpm is running, pid 7
[19-Aug-2025 07:18:45] NOTICE: ready to handle connections
[22-Aug-2025 06:56:28] NOTICE: fpm is running, pid 8
[22-Aug-2025 06:56:28] NOTICE: ready to handle connections
[23-Aug-2025 11:25:41] NOTICE: fpm is running, pid 7
[23-Aug-2025 11:25:41] NOTICE: ready to handle connections
[23-Aug-2025 15:39:28] NOTICE: fpm is running, pid 7
[23-Aug-2025 15:39:28] NOTICE: ready to handle connections
[23-Aug-2025 15:44:03] NOTICE: fpm is running, pid 7
[23-Aug-2025 15:44:03] NOTICE: ready to handle connections
[23-Aug-2025 16:03:37] NOTICE: fpm is running, pid 7
[23-Aug-2025 16:03:37] NOTICE: ready to handle connections
[23-Aug-2025 16:27:38] NOTICE: fpm is running, pid 7
[23-Aug-2025 16:27:38] NOTICE: ready to handle connections
[23-Aug-2025 17:28:53] NOTICE: fpm is running, pid 7
[23-Aug-2025 17:28:53] NOTICE: ready to handle connections
[23-Aug-2025 18:13:38] NOTICE: fpm is running, pid 7
[23-Aug-2025 18:13:38] NOTICE: ready to handle connections
[23-Aug-2025 18:25:15] NOTICE: fpm is running, pid 7
[23-Aug-2025 18:25:15] NOTICE: ready to handle connections
[23-Aug-2025 18:27:20] NOTICE: fpm is running, pid 7
[23-Aug-2025 18:27:20] NOTICE: ready to handle connections
[23-Aug-2025 18:28:03] NOTICE: fpm is running, pid 7
[23-Aug-2025 18:28:03] NOTICE: ready to handle connections
[24-Aug-2025 17:49:37] NOTICE: fpm is running, pid 7
[24-Aug-2025 17:49:37] NOTICE: ready to handle connections
[25-Aug-2025 06:30:43] NOTICE: fpm is running, pid 7
[25-Aug-2025 06:30:43] NOTICE: ready to handle connections
[26-Aug-2025 11:30:35] NOTICE: fpm is running, pid 7
[26-Aug-2025 11:30:35] NOTICE: ready to handle connections
[27-Aug-2025 09:07:59] NOTICE: fpm is running, pid 7
[27-Aug-2025 09:07:59] NOTICE: ready to handle connections
[27-Aug-2025 14:59:52] WARNING: [pool www] server reached pm.max_children setting (5), consider raising it
[29-Aug-2025 20:25:07] NOTICE: fpm is running, pid 7
[29-Aug-2025 20:25:07] NOTICE: ready to handle connections
[31-Aug-2025 10:08:52] NOTICE: fpm is running, pid 7
[31-Aug-2025 10:08:52] NOTICE: ready to handle connections
[31-Aug-2025 19:00:45] NOTICE: fpm is running, pid 7
[31-Aug-2025 19:00:45] NOTICE: ready to handle connections
[01-Sep-2025 06:57:04] NOTICE: fpm is running, pid 7
[01-Sep-2025 06:57:04] NOTICE: ready to handle connections
[17-Sep-2025 15:13:15] NOTICE: fpm is running, pid 7
[17-Sep-2025 15:13:15] NOTICE: ready to handle connections
[17-Sep-2025 18:51:08] NOTICE: fpm is running, pid 7
[17-Sep-2025 18:51:08] NOTICE: ready to handle connections
[17-Sep-2025 18:06:40] NOTICE: fpm is running, pid 7
[17-Sep-2025 18:06:40] NOTICE: ready to handle connections
[17-Sep-2025 18:11:05] NOTICE: fpm is running, pid 7
[17-Sep-2025 18:11:05] NOTICE: ready to handle connections
[17-Sep-2025 18:15:34] NOTICE: fpm is running, pid 7
[17-Sep-2025 18:15:34] NOTICE: ready to handle connections
[18-Sep-2025 13:01:43] NOTICE: fpm is running, pid 7
[18-Sep-2025 13:01:43] NOTICE: ready to handle connections
[18-Sep-2025 13:02:03] NOTICE: fpm is running, pid 7
[18-Sep-2025 13:02:03] NOTICE: ready to handle connections
[18-Sep-2025 13:15:15] NOTICE: fpm is running, pid 7
[18-Sep-2025 13:15:15] NOTICE: ready to handle connections
[18-Sep-2025 13:15:24] NOTICE: fpm is running, pid 8
[18-Sep-2025 13:15:24] NOTICE: ready to handle connections
[18-Sep-2025 13:19:26] NOTICE: fpm is running, pid 7
[18-Sep-2025 13:19:26] NOTICE: ready to handle connections
[18-Sep-2025 13:33:16] NOTICE: fpm is running, pid 7
[18-Sep-2025 13:33:16] NOTICE: ready to handle connections
[18-Sep-2025 13:34:49] NOTICE: fpm is running, pid 7
[18-Sep-2025 13:34:49] NOTICE: ready to handle connections
[18-Sep-2025 13:48:02] NOTICE: fpm is running, pid 7
[18-Sep-2025 13:48:02] NOTICE: ready to handle connections
[18-Sep-2025 13:51:46] NOTICE: fpm is running, pid 7
[18-Sep-2025 13:51:46] NOTICE: ready to handle connections
[18-Sep-2025 14:04:36] NOTICE: fpm is running, pid 7
[18-Sep-2025 14:04:36] NOTICE: ready to handle connections
[18-Sep-2025 14:07:00] NOTICE: fpm is running, pid 7
[18-Sep-2025 14:07:00] NOTICE: ready to handle connections
[18-Sep-2025 14:08:24] NOTICE: fpm is running, pid 7
[18-Sep-2025 14:08:24] NOTICE: ready to handle connections
[18-Sep-2025 14:15:30] NOTICE: fpm is running, pid 7
[18-Sep-2025 14:15:30] NOTICE: ready to handle connections
[18-Sep-2025 14:23:58] NOTICE: fpm is running, pid 7
[18-Sep-2025 14:23:58] NOTICE: ready to handle connections
[18-Sep-2025 14:32:45] NOTICE: fpm is running, pid 7
[18-Sep-2025 14:32:45] NOTICE: ready to handle connections
[18-Sep-2025 14:42:20] NOTICE: fpm is running, pid 7
[18-Sep-2025 14:42:20] NOTICE: ready to handle connections
[18-Sep-2025 14:44:41] NOTICE: fpm is running, pid 7
[18-Sep-2025 14:44:41] NOTICE: ready to handle connections
[18-Sep-2025 14:50:56] NOTICE: fpm is running, pid 7
[18-Sep-2025 14:50:56] NOTICE: ready to handle connections
[18-Sep-2025 14:53:14] NOTICE: fpm is running, pid 7
[18-Sep-2025 14:53:14] NOTICE: ready to handle connections
[18-Sep-2025 14:55:08] NOTICE: fpm is running, pid 9
[18-Sep-2025 14:55:08] NOTICE: ready to handle connections
[18-Sep-2025 14:57:50] NOTICE: fpm is running, pid 10
[18-Sep-2025 14:57:50] NOTICE: ready to handle connections
[18-Sep-2025 15:05:15] NOTICE: fpm is running, pid 9
[18-Sep-2025 15:05:15] NOTICE: ready to handle connections
[18-Sep-2025 15:58:45] NOTICE: fpm is running, pid 9
[18-Sep-2025 15:58:45] NOTICE: ready to handle connections
[18-Sep-2025 16:01:42] NOTICE: fpm is running, pid 10
[18-Sep-2025 16:01:42] NOTICE: ready to handle connections
[18-Sep-2025 16:04:05] NOTICE: fpm is running, pid 9
[18-Sep-2025 16:04:05] NOTICE: ready to handle connections
[18-Sep-2025 16:10:44] NOTICE: fpm is running, pid 9
[18-Sep-2025 16:10:44] NOTICE: ready to handle connections
[18-Sep-2025 16:14:55] NOTICE: fpm is running, pid 9
[18-Sep-2025 16:14:55] NOTICE: ready to handle connections
[18-Sep-2025 16:17:40] NOTICE: fpm is running, pid 10
[18-Sep-2025 16:17:40] NOTICE: ready to handle connections
[22-Sep-2025 11:46:04] NOTICE: fpm is running, pid 9
[22-Sep-2025 11:46:04] NOTICE: ready to handle connections
[25-Sep-2025 06:27:52] NOTICE: fpm is running, pid 9
[25-Sep-2025 06:27:52] NOTICE: ready to handle connections
[29-Sep-2025 07:30:43] NOTICE: fpm is running, pid 9
[29-Sep-2025 07:30:43] NOTICE: ready to handle connections
[02-Oct-2025 13:10:41] NOTICE: fpm is running, pid 9
[02-Oct-2025 13:10:41] NOTICE: ready to handle connections
[04-Oct-2025 10:37:05] NOTICE: fpm is running, pid 9
[04-Oct-2025 10:37:05] NOTICE: ready to handle connections
[13-Oct-2025 18:06:30] NOTICE: fpm is running, pid 9
[13-Oct-2025 18:06:30] NOTICE: ready to handle connections
[22-Oct-2025 12:56:15] NOTICE: fpm is running, pid 10
[22-Oct-2025 12:56:15] NOTICE: ready to handle connections
[22-Oct-2025 13:07:00] NOTICE: fpm is running, pid 9
[22-Oct-2025 13:07:00] NOTICE: ready to handle connections
[24-Oct-2025 00:39:09] NOTICE: fpm is running, pid 9
[24-Oct-2025 00:39:09] NOTICE: ready to handle connections
[26-Oct-2025 18:29:14] NOTICE: fpm is running, pid 9
[26-Oct-2025 18:29:14] NOTICE: ready to handle connections
[28-Oct-2025 23:05:50] NOTICE: fpm is running, pid 9
[28-Oct-2025 23:05:50] NOTICE: ready to handle connections
[30-Oct-2025 14:28:53] NOTICE: fpm is running, pid 10
[30-Oct-2025 14:28:53] NOTICE: ready to handle connections
[01-Nov-2025 07:20:38] NOTICE: fpm is running, pid 9
[01-Nov-2025 07:20:38] NOTICE: ready to handle connections
[01-Nov-2025 07:26:43] NOTICE: fpm is running, pid 9
[01-Nov-2025 07:26:43] NOTICE: ready to handle connections
[02-Nov-2025 17:32:22] NOTICE: fpm is running, pid 9
[02-Nov-2025 17:32:22] NOTICE: ready to handle connections
[03-Nov-2025 01:03:03] WARNING: [pool www] server reached pm.max_children setting (5), consider raising it
[18-Nov-2025 06:46:16] NOTICE: fpm is running, pid 9
[18-Nov-2025 06:46:16] NOTICE: ready to handle connections
[01-Dec-2025 06:58:06] NOTICE: fpm is running, pid 9
[01-Dec-2025 06:58:06] NOTICE: ready to handle connections
[05-Dec-2025 07:54:16] NOTICE: fpm is running, pid 9
[05-Dec-2025 07:54:16] NOTICE: ready to handle connections
[11-Dec-2025 04:09:48] NOTICE: fpm is running, pid 9
[11-Dec-2025 04:09:48] NOTICE: ready to handle connections
[11-Dec-2025 04:18:38] NOTICE: fpm is running, pid 9
[11-Dec-2025 04:18:38] NOTICE: ready to handle connections
[11-Dec-2025 04:21:36] NOTICE: fpm is running, pid 9
[11-Dec-2025 04:21:36] NOTICE: ready to handle connections
[11-Dec-2025 04:22:11] NOTICE: fpm is running, pid 9
[11-Dec-2025 04:22:11] NOTICE: ready to handle connections
[11-Dec-2025 04:24:20] NOTICE: fpm is running, pid 9
[11-Dec-2025 04:24:20] NOTICE: ready to handle connections
[11-Dec-2025 04:24:37] NOTICE: fpm is running, pid 9
[11-Dec-2025 04:24:37] NOTICE: ready to handle connections
[25-Dec-2025 12:01:19] NOTICE: fpm is running, pid 9
[25-Dec-2025 12:01:19] NOTICE: ready to handle connections
[26-Dec-2025 11:42:48] NOTICE: fpm is running, pid 9
[26-Dec-2025 11:42:48] NOTICE: ready to handle connections
[27-Dec-2025 00:55:09] NOTICE: fpm is running, pid 9
[27-Dec-2025 00:55:09] NOTICE: ready to handle connections
[27-Dec-2025 11:05:09] NOTICE: fpm is running, pid 10
[27-Dec-2025 11:05:09] NOTICE: ready to handle connections
[30-Dec-2025 08:39:19] NOTICE: fpm is running, pid 9
[30-Dec-2025 08:39:19] NOTICE: ready to handle connections
[31-Dec-2025 18:14:14] NOTICE: fpm is running, pid 9
[31-Dec-2025 18:14:14] NOTICE: ready to handle connections
[01-Jan-2026 09:53:11] NOTICE: fpm is running, pid 9
[01-Jan-2026 09:53:11] NOTICE: ready to handle connections
[02-Jan-2026 13:00:56] NOTICE: fpm is running, pid 9
[02-Jan-2026 13:00:56] NOTICE: ready to handle connections
[02-Jan-2026 18:44:35] NOTICE: fpm is running, pid 9
[02-Jan-2026 18:44:35] NOTICE: ready to handle connections
[03-Jan-2026 12:14:11] NOTICE: fpm is running, pid 9
[03-Jan-2026 12:14:11] NOTICE: ready to handle connections
[04-Feb-2026 12:08:16] NOTICE: fpm is running, pid 9
[04-Feb-2026 12:08:16] NOTICE: ready to handle connections
[05-Feb-2026 09:10:57] NOTICE: fpm is running, pid 9
[05-Feb-2026 09:10:57] NOTICE: ready to handle connections
[05-Feb-2026 17:49:04] NOTICE: fpm is running, pid 9
[05-Feb-2026 17:49:04] NOTICE: ready to handle connections
[06-Feb-2026 09:49:19] NOTICE: fpm is running, pid 9
[06-Feb-2026 09:49:19] NOTICE: ready to handle connections
[07-Feb-2026 11:19:33] NOTICE: fpm is running, pid 9
[07-Feb-2026 11:19:33] NOTICE: ready to handle connections
[08-Feb-2026 06:53:20] NOTICE: fpm is running, pid 9
[08-Feb-2026 06:53:20] NOTICE: ready to handle connections
[09-Feb-2026 09:51:39] NOTICE: fpm is running, pid 10
[09-Feb-2026 09:51:39] NOTICE: ready to handle connections
[09-Feb-2026 15:45:15] NOTICE: fpm is running, pid 9
[09-Feb-2026 15:45:15] NOTICE: ready to handle connections
[10-Feb-2026 14:25:44] NOTICE: fpm is running, pid 9
[10-Feb-2026 14:25:44] NOTICE: ready to handle connections
[10-Feb-2026 15:55:40] NOTICE: fpm is running, pid 9
[10-Feb-2026 15:55:40] NOTICE: ready to handle connections
[11-Feb-2026 07:14:22] NOTICE: fpm is running, pid 9
[11-Feb-2026 07:14:22] NOTICE: ready to handle connections
[11-Feb-2026 12:59:45] NOTICE: fpm is running, pid 9
[11-Feb-2026 12:59:45] NOTICE: ready to handle connections
[11-Feb-2026 18:03:35] NOTICE: fpm is running, pid 9
[11-Feb-2026 18:03:35] NOTICE: ready to handle connections
[12-Feb-2026 10:04:50] NOTICE: fpm is running, pid 9
[12-Feb-2026 10:04:50] NOTICE: ready to handle connections
[13-Feb-2026 08:32:21] NOTICE: fpm is running, pid 9
[13-Feb-2026 08:32:21] NOTICE: ready to handle connections
[14-Feb-2026 08:57:43] NOTICE: fpm is running, pid 10
[14-Feb-2026 08:57:43] NOTICE: ready to handle connections
[14-Feb-2026 12:24:34] NOTICE: fpm is running, pid 9
[14-Feb-2026 12:24:34] NOTICE: ready to handle connections
[15-Feb-2026 08:46:58] NOTICE: fpm is running, pid 9
[15-Feb-2026 08:46:58] NOTICE: ready to handle connections
[15-Feb-2026 19:22:06] NOTICE: fpm is running, pid 9
[15-Feb-2026 19:22:06] NOTICE: ready to handle connections
[16-Feb-2026 07:43:03] NOTICE: fpm is running, pid 9
[16-Feb-2026 07:43:03] NOTICE: ready to handle connections
[17-Feb-2026 15:18:18] NOTICE: fpm is running, pid 9
[17-Feb-2026 15:18:18] NOTICE: ready to handle connections
[18-Feb-2026 08:20:26] NOTICE: fpm is running, pid 9
[18-Feb-2026 08:20:26] NOTICE: ready to handle connections
[18-Feb-2026 17:50:30] NOTICE: fpm is running, pid 9
[18-Feb-2026 17:50:30] NOTICE: ready to handle connections
[19-Feb-2026 18:09:23] NOTICE: fpm is running, pid 9
[19-Feb-2026 18:09:23] NOTICE: ready to handle connections
[20-Feb-2026 13:13:01] NOTICE: fpm is running, pid 9
[20-Feb-2026 13:13:01] NOTICE: ready to handle connections
[20-Feb-2026 18:56:54] NOTICE: fpm is running, pid 9
[20-Feb-2026 18:56:54] NOTICE: ready to handle connections
[21-Feb-2026 07:44:39] NOTICE: fpm is running, pid 9
[21-Feb-2026 07:44:39] NOTICE: ready to handle connections
[21-Feb-2026 18:29:56] NOTICE: fpm is running, pid 9
[21-Feb-2026 18:29:56] NOTICE: ready to handle connections
[22-Feb-2026 06:15:30] NOTICE: fpm is running, pid 9
[22-Feb-2026 06:15:30] NOTICE: ready to handle connections
[23-Feb-2026 07:13:27] NOTICE: fpm is running, pid 10
[23-Feb-2026 07:13:27] NOTICE: ready to handle connections
[24-Feb-2026 08:01:49] NOTICE: fpm is running, pid 9
[24-Feb-2026 08:01:49] NOTICE: ready to handle connections
[25-Feb-2026 09:08:05] NOTICE: fpm is running, pid 9
[25-Feb-2026 09:08:05] NOTICE: ready to handle connections
[25-Feb-2026 18:18:22] NOTICE: fpm is running, pid 9
[25-Feb-2026 18:18:22] NOTICE: ready to handle connections
[26-Feb-2026 08:53:39] NOTICE: fpm is running, pid 9
[26-Feb-2026 08:53:39] NOTICE: ready to handle connections
[26-Feb-2026 20:45:03] NOTICE: fpm is running, pid 9
[26-Feb-2026 20:45:03] NOTICE: ready to handle connections
[27-Feb-2026 06:16:41] NOTICE: fpm is running, pid 9
[27-Feb-2026 06:16:41] NOTICE: ready to handle connections
[27-Feb-2026 19:37:22] NOTICE: fpm is running, pid 9
[27-Feb-2026 19:37:22] NOTICE: ready to handle connections
[28-Feb-2026 08:01:35] NOTICE: fpm is running, pid 9
[28-Feb-2026 08:01:35] NOTICE: ready to handle connections
[28-Feb-2026 20:41:00] NOTICE: fpm is running, pid 9
[28-Feb-2026 20:41:00] NOTICE: ready to handle connections
[01-Mar-2026 10:07:58] NOTICE: fpm is running, pid 9
[01-Mar-2026 10:07:58] NOTICE: ready to handle connections
[02-Mar-2026 08:54:37] NOTICE: fpm is running, pid 9
[02-Mar-2026 08:54:37] NOTICE: ready to handle connections
[02-Mar-2026 14:20:13] NOTICE: fpm is running, pid 9
[02-Mar-2026 14:20:13] NOTICE: ready to handle connections
[03-Mar-2026 06:52:22] NOTICE: fpm is running, pid 10
[03-Mar-2026 06:52:22] NOTICE: ready to handle connections
[03-Mar-2026 12:32:38] NOTICE: fpm is running, pid 9
[03-Mar-2026 12:32:38] NOTICE: ready to handle connections
[04-Mar-2026 09:03:44] NOTICE: fpm is running, pid 9
[04-Mar-2026 09:03:44] NOTICE: ready to handle connections
[04-Mar-2026 15:00:26] NOTICE: fpm is running, pid 9
[04-Mar-2026 15:00:26] NOTICE: ready to handle connections
[05-Mar-2026 10:54:09] NOTICE: fpm is running, pid 9
[05-Mar-2026 10:54:09] NOTICE: ready to handle connections
[06-Mar-2026 06:11:48] NOTICE: fpm is running, pid 9
[06-Mar-2026 06:11:48] NOTICE: ready to handle connections
[08-Mar-2026 07:03:02] NOTICE: fpm is running, pid 9
[08-Mar-2026 07:03:02] NOTICE: ready to handle connections
[08-Mar-2026 08:20:32] NOTICE: fpm is running, pid 9
[08-Mar-2026 08:20:32] NOTICE: ready to handle connections
[10-Mar-2026 07:20:49] NOTICE: fpm is running, pid 9
[10-Mar-2026 07:20:49] NOTICE: ready to handle connections
[11-Mar-2026 08:32:37] NOTICE: fpm is running, pid 9
[11-Mar-2026 08:32:37] NOTICE: ready to handle connections
[11-Mar-2026 18:54:38] NOTICE: fpm is running, pid 9
[11-Mar-2026 18:54:38] NOTICE: ready to handle connections
[12-Mar-2026 05:57:08] NOTICE: fpm is running, pid 9
[12-Mar-2026 05:57:08] NOTICE: ready to handle connections
[12-Mar-2026 17:54:40] NOTICE: fpm is running, pid 9
[12-Mar-2026 17:54:40] NOTICE: ready to handle connections
[13-Mar-2026 08:57:44] NOTICE: fpm is running, pid 9
[13-Mar-2026 08:57:44] NOTICE: ready to handle connections
[14-Mar-2026 07:23:41] NOTICE: fpm is running, pid 9
[14-Mar-2026 07:23:41] NOTICE: ready to handle connections
[15-Mar-2026 07:42:57] NOTICE: fpm is running, pid 9
[15-Mar-2026 07:42:57] NOTICE: ready to handle connections
[16-Mar-2026 07:44:41] NOTICE: fpm is running, pid 9
[16-Mar-2026 07:44:41] NOTICE: ready to handle connections
[16-Mar-2026 18:53:22] NOTICE: fpm is running, pid 9
[16-Mar-2026 18:53:22] NOTICE: ready to handle connections
[17-Mar-2026 15:07:06] NOTICE: fpm is running, pid 9
[17-Mar-2026 15:07:06] NOTICE: ready to handle connections
[17-Mar-2026 16:47:57] NOTICE: fpm is running, pid 9
[17-Mar-2026 16:47:57] NOTICE: ready to handle connections
[18-Mar-2026 08:25:38] NOTICE: fpm is running, pid 9
[18-Mar-2026 08:25:38] NOTICE: ready to handle connections
[19-Mar-2026 11:14:36] NOTICE: fpm is running, pid 9
[19-Mar-2026 11:14:36] NOTICE: ready to handle connections
[20-Mar-2026 12:50:56] NOTICE: fpm is running, pid 9
[20-Mar-2026 12:50:56] NOTICE: ready to handle connections
[20-Mar-2026 18:24:46] NOTICE: fpm is running, pid 9
[20-Mar-2026 18:24:46] NOTICE: ready to handle connections
[21-Mar-2026 05:43:29] NOTICE: fpm is running, pid 9
[21-Mar-2026 05:43:29] NOTICE: ready to handle connections
[21-Mar-2026 19:24:55] NOTICE: fpm is running, pid 9
[21-Mar-2026 19:24:55] NOTICE: ready to handle connections
[22-Mar-2026 06:19:17] NOTICE: fpm is running, pid 10
[22-Mar-2026 06:19:17] NOTICE: ready to handle connections
[22-Mar-2026 20:17:05] NOTICE: fpm is running, pid 9
[22-Mar-2026 20:17:05] NOTICE: ready to handle connections
[23-Mar-2026 08:06:20] NOTICE: fpm is running, pid 9
[23-Mar-2026 08:06:20] NOTICE: ready to handle connections
[23-Mar-2026 11:25:19] NOTICE: fpm is running, pid 9
[23-Mar-2026 11:25:19] NOTICE: ready to handle connections
[24-Mar-2026 06:47:29] NOTICE: fpm is running, pid 9
[24-Mar-2026 06:47:29] NOTICE: ready to handle connections
[24-Mar-2026 17:22:10] NOTICE: fpm is running, pid 9
[24-Mar-2026 17:22:10] NOTICE: ready to handle connections
[25-Mar-2026 10:24:29] NOTICE: fpm is running, pid 9
[25-Mar-2026 10:24:29] NOTICE: ready to handle connections
[25-Mar-2026 12:51:08] NOTICE: fpm is running, pid 9
[25-Mar-2026 12:51:08] NOTICE: ready to handle connections
[25-Mar-2026 21:25:13] NOTICE: fpm is running, pid 9
[25-Mar-2026 21:25:13] NOTICE: ready to handle connections
[27-Mar-2026 08:49:05] NOTICE: fpm is running, pid 9
[27-Mar-2026 08:49:05] NOTICE: ready to handle connections
[28-Mar-2026 09:49:46] NOTICE: fpm is running, pid 9
[28-Mar-2026 09:49:46] NOTICE: ready to handle connections
[28-Mar-2026 11:48:58] NOTICE: fpm is running, pid 9
[28-Mar-2026 11:48:58] NOTICE: ready to handle connections
[29-Mar-2026 06:48:23] NOTICE: fpm is running, pid 9
[29-Mar-2026 06:48:23] NOTICE: ready to handle connections
[29-Mar-2026 17:01:36] NOTICE: fpm is running, pid 9
[29-Mar-2026 17:01:36] NOTICE: ready to handle connections
[30-Mar-2026 07:45:16] NOTICE: fpm is running, pid 9
[30-Mar-2026 07:45:16] NOTICE: ready to handle connections
[31-Mar-2026 08:31:36] NOTICE: fpm is running, pid 9
[31-Mar-2026 08:31:36] NOTICE: ready to handle connections
[08-Apr-2026 13:32:47] NOTICE: fpm is running, pid 9
[08-Apr-2026 13:32:47] NOTICE: ready to handle connections
[09-Apr-2026 10:38:22] NOTICE: fpm is running, pid 10
[09-Apr-2026 10:38:22] NOTICE: ready to handle connections
[10-Apr-2026 13:09:05] NOTICE: fpm is running, pid 9
[10-Apr-2026 13:09:05] NOTICE: ready to handle connections
[12-Apr-2026 08:03:51] NOTICE: fpm is running, pid 10
[12-Apr-2026 08:03:51] NOTICE: ready to handle connections
[14-Apr-2026 18:41:04] NOTICE: fpm is running, pid 9
[14-Apr-2026 18:41:04] NOTICE: ready to handle connections
[21-Apr-2026 08:50:07] NOTICE: fpm is running, pid 9
[21-Apr-2026 08:50:07] NOTICE: ready to handle connections
[25-May-2026 18:12:17] NOTICE: fpm is running, pid 9
[25-May-2026 18:12:17] NOTICE: ready to handle connections
[25-May-2026 18:51:02] NOTICE: fpm is running, pid 9
[25-May-2026 18:51:02] NOTICE: ready to handle connections
[25-May-2026 18:56:22] NOTICE: fpm is running, pid 9
[25-May-2026 18:56:22] NOTICE: ready to handle connections
[25-May-2026 19:05:50] NOTICE: fpm is running, pid 9
[25-May-2026 19:05:50] NOTICE: ready to handle connections
[25-May-2026 19:07:56] NOTICE: fpm is running, pid 9
[25-May-2026 19:07:56] NOTICE: ready to handle connections
[25-May-2026 19:09:11] NOTICE: fpm is running, pid 9
[25-May-2026 19:09:11] NOTICE: ready to handle connections
[25-May-2026 19:13:56] NOTICE: fpm is running, pid 9
[25-May-2026 19:13:56] NOTICE: ready to handle connections
[25-May-2026 19:15:26] NOTICE: fpm is running, pid 9
[25-May-2026 19:15:26] NOTICE: ready to handle connections
[25-May-2026 19:16:48] NOTICE: fpm is running, pid 9
[25-May-2026 19:16:48] NOTICE: ready to handle connections
[25-May-2026 19:19:25] NOTICE: fpm is running, pid 9
[25-May-2026 19:19:25] NOTICE: ready to handle connections
[25-May-2026 19:22:04] NOTICE: fpm is running, pid 9
[25-May-2026 19:22:04] NOTICE: ready to handle connections
[25-May-2026 19:22:27] NOTICE: fpm is running, pid 9
[25-May-2026 19:22:27] NOTICE: ready to handle connections
[25-May-2026 19:23:29] NOTICE: fpm is running, pid 10
[25-May-2026 19:23:29] NOTICE: ready to handle connections
[25-May-2026 19:29:35] NOTICE: fpm is running, pid 9
[25-May-2026 19:29:35] NOTICE: ready to handle connections
[25-May-2026 19:31:40] NOTICE: fpm is running, pid 9
[25-May-2026 19:31:40] NOTICE: ready to handle connections
[25-May-2026 19:34:43] NOTICE: fpm is running, pid 9
[25-May-2026 19:34:43] NOTICE: ready to handle connections
[25-May-2026 19:45:48] NOTICE: fpm is running, pid 9
[25-May-2026 19:45:48] NOTICE: ready to handle connections
[25-May-2026 19:46:26] NOTICE: fpm is running, pid 9
[25-May-2026 19:46:26] NOTICE: ready to handle connections
[25-May-2026 19:47:24] NOTICE: fpm is running, pid 9
[25-May-2026 19:47:24] NOTICE: ready to handle connections
[25-May-2026 19:53:52] NOTICE: fpm is running, pid 9
[25-May-2026 19:53:52] NOTICE: ready to handle connections
[25-May-2026 20:06:15] NOTICE: fpm is running, pid 9
[25-May-2026 20:06:15] NOTICE: ready to handle connections
[25-May-2026 20:20:51] NOTICE: fpm is running, pid 10
[25-May-2026 20:20:51] NOTICE: ready to handle connections
[26-May-2026 00:08:52] NOTICE: fpm is running, pid 9
[26-May-2026 00:08:52] NOTICE: ready to handle connections
[26-May-2026 00:14:02] NOTICE: fpm is running, pid 9
[26-May-2026 00:14:02] NOTICE: ready to handle connections
[26-May-2026 00:24:04] NOTICE: fpm is running, pid 9
[26-May-2026 00:24:04] NOTICE: ready to handle connections
